<?xml version="1.0" encoding="UTF-8"?>
<testng-results ignored="0" total="1" passed="1" failed="0" skipped="0">
  <reporter-output>
  </reporter-output>
  <suite started-at="2021-06-22T21:53:29 EDT" name="Default suite" finished-at="2021-06-22T21:53:40 EDT" duration-ms="10090">
    <groups>
    </groups>
    <test started-at="2021-06-22T21:53:29 EDT" name="Default test" finished-at="2021-06-22T21:53:40 EDT" duration-ms="10090">
      <class name="test.Google">
        <test-method signature="TitleValidation()[pri:0, instance:test.Google@778d1062]" started-at="2021-06-22T21:53:30 EDT" name="TitleValidation" finished-at="2021-06-22T21:53:40 EDT" duration-ms="9932" status="PASS">
          <reporter-output>
          </reporter-output>
        </test-method> <!-- TitleValidation -->
      </class> <!-- test.Google -->
    </test> <!-- Default test -->
  </suite> <!-- Default suite -->
</testng-results>
